<?xml version="1.0" encoding="UTF-8"?>
<!-- Generated by org.testng.reporters.JUnitReportReporter -->
<testsuite hostname="KTLKL-035" failures="0" tests="1" name="cucumber.TestNGTestRunner" time="26.168" errors="0" timestamp="2024-10-08T18:07:46 IST" skipped="0">
  <testcase classname="cucumber.TestNGTestRunner" name="runScenario" time="26.168"/>
</testsuite> <!-- cucumber.TestNGTestRunner -->
