<?xml version="1.0" encoding="UTF-8"?>
<!-- Generated by org.testng.reporters.JUnitReportReporter -->
<testsuite hostname="KTLKL-035" failures="0" tests="3" name="Ecommerce.SeleniumFrameworkDesign.Tests.SubmitOrderTest" time="34.579" errors="0" timestamp="2024-10-08T12:29:57 IST" skipped="0">
  <testcase classname="Ecommerce.SeleniumFrameworkDesign.Tests.SubmitOrderTest" name="StandAloneTest" time="6.280"/>
  <testcase classname="Ecommerce.SeleniumFrameworkDesign.Tests.SubmitOrderTest" name="StandAloneTest" time="22.968"/>
  <testcase classname="Ecommerce.SeleniumFrameworkDesign.Tests.SubmitOrderTest" name="OrderHistoryTest" time="5.331"/>
</testsuite> <!-- Ecommerce.SeleniumFrameworkDesign.Tests.SubmitOrderTest -->
