<?xml version="1.0" encoding="UTF-8"?>
<!-- Generated by org.testng.reporters.JUnitReportReporter -->
<testsuite hostname="KTLKL-035" failures="0" tests="1" name="Ecommerce.SeleniumFrameworkDesign.Tests.StandAloneTest" time="25.410" errors="0" timestamp="2024-10-03T12:41:30 IST" skipped="0">
  <testcase classname="Ecommerce.SeleniumFrameworkDesign.Tests.StandAloneTest" name="StandAloneTest" time="25.410"/>
</testsuite> <!-- Ecommerce.SeleniumFrameworkDesign.Tests.StandAloneTest -->
