<?xml version="1.0" encoding="UTF-8"?>
<!-- Generated by org.testng.reporters.JUnitReportReporter -->
<testsuite hostname="KTLKL-035" failures="0" tests="2" name="Ecommerce.SeleniumFrameworkDesign.Tests.SubmitOrderTest" time="26.514" errors="0" timestamp="2024-10-08T15:32:05 IST" skipped="0">
  <testcase classname="Ecommerce.SeleniumFrameworkDesign.Tests.SubmitOrderTest" name="StandAloneTest" time="13.932"/>
  <testcase classname="Ecommerce.SeleniumFrameworkDesign.Tests.SubmitOrderTest" name="StandAloneTest" time="12.582"/>
</testsuite> <!-- Ecommerce.SeleniumFrameworkDesign.Tests.SubmitOrderTest -->
